[21-Feb-2024 08:10:12 UTC] PHP Warning:  Attempt to read property "title" on null in C:\Users\Administrator\Local Sites\blog-da-ma\app\public\wp-includes\class-wp-customize-widgets.php on line 905
[21-Feb-2024 21:40:03 UTC] PHP Warning:  Undefined property: WP_Ajax_Upgrader_Skin::$api in C:\Users\Administrator\Local Sites\blog-da-ma\app\public\wp-admin\includes\class-theme-upgrader.php on line 160
[21-Feb-2024 23:00:08 UTC] Sync process for Gutenberg Blocks has started.
[21-Feb-2024 23:00:08 UTC] CATEGORY: Storing in option ast-block-templates-categories
[21-Feb-2024 23:00:08 UTC] BLOCK: Requests count 8
[21-Feb-2024 23:00:08 UTC] BLOCK: Importing request 1 ..
[21-Feb-2024 23:00:08 UTC] BLOCK: https://websitedemos.net/wp-json/astra-blocks/v2/blocks/?page_builder=gutenberg&per_page=30&page=1&wireframe=yes
[21-Feb-2024 23:00:08 UTC] BLOCK: Storing in option ast-block-templates-blocks-1
[21-Feb-2024 23:00:08 UTC] BLOCK: Completed request 1
[21-Feb-2024 23:00:08 UTC] BLOCK: Importing request 2 ..
[21-Feb-2024 23:00:08 UTC] BLOCK: https://websitedemos.net/wp-json/astra-blocks/v2/blocks/?page_builder=gutenberg&per_page=30&page=2&wireframe=yes
[21-Feb-2024 23:00:09 UTC] BLOCK: Storing in option ast-block-templates-blocks-2
[21-Feb-2024 23:00:10 UTC] BLOCK: Completed request 2
[21-Feb-2024 23:00:10 UTC] BLOCK: Importing request 3 ..
[21-Feb-2024 23:00:10 UTC] BLOCK: https://websitedemos.net/wp-json/astra-blocks/v2/blocks/?page_builder=gutenberg&per_page=30&page=3&wireframe=yes
[21-Feb-2024 23:00:10 UTC] BLOCK: Storing in option ast-block-templates-blocks-3
[21-Feb-2024 23:00:10 UTC] BLOCK: Completed request 3
[21-Feb-2024 23:00:10 UTC] BLOCK: Importing request 4 ..
[21-Feb-2024 23:00:10 UTC] BLOCK: https://websitedemos.net/wp-json/astra-blocks/v2/blocks/?page_builder=gutenberg&per_page=30&page=4&wireframe=yes
[21-Feb-2024 23:00:11 UTC] BLOCK: Storing in option ast-block-templates-blocks-4
[21-Feb-2024 23:00:11 UTC] BLOCK: Completed request 4
[21-Feb-2024 23:00:11 UTC] BLOCK: Importing request 5 ..
[21-Feb-2024 23:00:11 UTC] BLOCK: https://websitedemos.net/wp-json/astra-blocks/v2/blocks/?page_builder=gutenberg&per_page=30&page=5&wireframe=yes
[21-Feb-2024 23:00:12 UTC] BLOCK: Storing in option ast-block-templates-blocks-5
[21-Feb-2024 23:00:12 UTC] BLOCK: Completed request 5
[21-Feb-2024 23:00:12 UTC] BLOCK: Importing request 6 ..
[21-Feb-2024 23:00:12 UTC] BLOCK: https://websitedemos.net/wp-json/astra-blocks/v2/blocks/?page_builder=gutenberg&per_page=30&page=6&wireframe=yes
[21-Feb-2024 23:00:12 UTC] BLOCK: Storing in option ast-block-templates-blocks-6
[21-Feb-2024 23:00:12 UTC] BLOCK: Completed request 6
[21-Feb-2024 23:00:12 UTC] BLOCK: Importing request 7 ..
[21-Feb-2024 23:00:12 UTC] BLOCK: https://websitedemos.net/wp-json/astra-blocks/v2/blocks/?page_builder=gutenberg&per_page=30&page=7&wireframe=yes
[21-Feb-2024 23:00:13 UTC] BLOCK: Storing in option ast-block-templates-blocks-7
[21-Feb-2024 23:00:13 UTC] BLOCK: Completed request 7
[21-Feb-2024 23:00:13 UTC] BLOCK: Importing request 8 ..
[21-Feb-2024 23:00:13 UTC] BLOCK: https://websitedemos.net/wp-json/astra-blocks/v2/blocks/?page_builder=gutenberg&per_page=30&page=8&wireframe=yes
[21-Feb-2024 23:00:14 UTC] BLOCK: Storing in option ast-block-templates-blocks-8
[21-Feb-2024 23:00:14 UTC] BLOCK: Completed request 8
[21-Feb-2024 23:00:14 UTC] SITE: Getting Total Sites
[21-Feb-2024 23:00:14 UTC] SITE: https://websitedemos.net/wp-json/astra-sites/v1/get-total-pages/?page_builder=gutenberg&per_page=30
[21-Feb-2024 23:00:14 UTC] SITE: Request count 9
[21-Feb-2024 23:00:14 UTC] SITE: Importing request 1 ..
[21-Feb-2024 23:00:14 UTC] SITE: https://websitedemos.net/wp-json/astra-sites/v1/sites-and-pages/?per_page=30&page=1&page-builder=gutenberg
[21-Feb-2024 23:00:15 UTC] SITE: Storing in option ast-block-templates-sites-1
[21-Feb-2024 23:00:15 UTC] SITE: Completed request 1
[21-Feb-2024 23:00:15 UTC] SITE: Importing request 2 ..
[21-Feb-2024 23:00:15 UTC] SITE: https://websitedemos.net/wp-json/astra-sites/v1/sites-and-pages/?per_page=30&page=2&page-builder=gutenberg
[21-Feb-2024 23:00:15 UTC] SITE: Storing in option ast-block-templates-sites-2
[21-Feb-2024 23:00:15 UTC] SITE: Completed request 2
[21-Feb-2024 23:00:15 UTC] SITE: Importing request 3 ..
[21-Feb-2024 23:00:15 UTC] SITE: https://websitedemos.net/wp-json/astra-sites/v1/sites-and-pages/?per_page=30&page=3&page-builder=gutenberg
[21-Feb-2024 23:00:15 UTC] SITE: Storing in option ast-block-templates-sites-3
[21-Feb-2024 23:00:15 UTC] SITE: Completed request 3
[21-Feb-2024 23:00:15 UTC] SITE: Importing request 4 ..
[21-Feb-2024 23:00:15 UTC] SITE: https://websitedemos.net/wp-json/astra-sites/v1/sites-and-pages/?per_page=30&page=4&page-builder=gutenberg
[21-Feb-2024 23:00:16 UTC] SITE: Storing in option ast-block-templates-sites-4
[21-Feb-2024 23:00:16 UTC] SITE: Completed request 4
[21-Feb-2024 23:00:16 UTC] SITE: Importing request 5 ..
[21-Feb-2024 23:00:16 UTC] SITE: https://websitedemos.net/wp-json/astra-sites/v1/sites-and-pages/?per_page=30&page=5&page-builder=gutenberg
[21-Feb-2024 23:00:16 UTC] SITE: Storing in option ast-block-templates-sites-5
[21-Feb-2024 23:00:16 UTC] SITE: Completed request 5
[21-Feb-2024 23:00:16 UTC] SITE: Importing request 6 ..
[21-Feb-2024 23:00:16 UTC] SITE: https://websitedemos.net/wp-json/astra-sites/v1/sites-and-pages/?per_page=30&page=6&page-builder=gutenberg
[21-Feb-2024 23:00:17 UTC] SITE: Storing in option ast-block-templates-sites-6
[21-Feb-2024 23:00:17 UTC] SITE: Completed request 6
[21-Feb-2024 23:00:17 UTC] SITE: Importing request 7 ..
[21-Feb-2024 23:00:17 UTC] SITE: https://websitedemos.net/wp-json/astra-sites/v1/sites-and-pages/?per_page=30&page=7&page-builder=gutenberg
[21-Feb-2024 23:00:17 UTC] SITE: Storing in option ast-block-templates-sites-7
[21-Feb-2024 23:00:17 UTC] SITE: Completed request 7
[21-Feb-2024 23:00:17 UTC] SITE: Importing request 8 ..
[21-Feb-2024 23:00:17 UTC] SITE: https://websitedemos.net/wp-json/astra-sites/v1/sites-and-pages/?per_page=30&page=8&page-builder=gutenberg
[21-Feb-2024 23:00:18 UTC] SITE: Storing in option ast-block-templates-sites-8
[21-Feb-2024 23:00:18 UTC] SITE: Completed request 8
[21-Feb-2024 23:00:18 UTC] SITE: Importing request 9 ..
[21-Feb-2024 23:00:18 UTC] SITE: https://websitedemos.net/wp-json/astra-sites/v1/sites-and-pages/?per_page=30&page=9&page-builder=gutenberg
[21-Feb-2024 23:00:18 UTC] SITE: Storing in option ast-block-templates-sites-9
[21-Feb-2024 23:00:18 UTC] SITE: Completed request 9
[21-Feb-2024 23:00:18 UTC] Sync process for Gutenberg Blocks is done.
[21-Feb-2024 23:00:18 UTC] BLOCK: Getting Server Custimizer CSS
[21-Feb-2024 23:00:18 UTC] BLOCK: https://websitedemos.net/wp-json/astra-blocks/v2/get-customizer-css
